<?xml version="1.0" encoding="UTF-8"?>
<!-- Generated by org.testng.reporters.JUnitReportReporter -->
<testsuite hostname="ABC" failures="0" tests="1" name="tests.testNGTestClass" time="39.402" errors="0" timestamp="2022-02-17T00:11:26 IST" skipped="0">
  <testcase classname="tests.testNGTestClass" name="toVerifyTaskButton" time="39.402"/>
  <system-out/>
</testsuite> <!-- tests.testNGTestClass -->
