<?xml version="1.0" encoding="UTF-8"?>
<!-- Generated by org.testng.reporters.JUnitReportReporter -->
<testsuite hostname="ABC" failures="0" tests="4" name="tests.Test1" time="0.014" errors="0" timestamp="2022-02-16T23:11:29 IST" skipped="0">
  <testcase classname="tests.Test1" name="testB" time="0.006"/>
  <system-out/>
  <testcase classname="tests.Test1" name="testA" time="0.002"/>
  <system-out/>
  <testcase classname="tests.Test1" name="testB" time="0.004"/>
  <system-out/>
  <testcase classname="tests.Test1" name="testA" time="0.002"/>
  <system-out/>
</testsuite> <!-- tests.Test1 -->
