<?xml version="1.0" encoding="UTF-8"?>
<!-- Generated by org.testng.reporters.JUnitReportReporter -->
<testsuite hostname="ABC" failures="0" tests="3" name="tests.Test123" time="0.032" errors="0" timestamp="2022-02-14T15:51:47 IST" skipped="0">
  <testcase classname="tests.Test123" name="testA" time="0.017"/>
  <system-out/>
  <testcase classname="tests.Test123" name="testB" time="0.012"/>
  <system-out/>
  <testcase classname="tests.Test123" name="testC" time="0.003"/>
  <system-out/>
</testsuite> <!-- tests.Test123 -->
