<?xml version="1.0" encoding="UTF-8"?>
<!-- Generated by org.testng.reporters.JUnitReportReporter -->
<testsuite hostname="ABC" failures="0" tests="3" name="tests.Test2" time="0.040" errors="0" timestamp="2022-02-16T23:11:29 IST" skipped="0">
  <testcase classname="tests.Test2" name="testC" time="0.028"/>
  <system-out/>
  <testcase classname="tests.Test2" name="testF" time="0.005"/>
  <system-out/>
  <testcase classname="tests.Test2" name="testD" time="0.007"/>
  <system-out/>
</testsuite> <!-- tests.Test2 -->
